kotlin version: 2.0.21
error message: org.jetbrains.kotlin.backend.common.BackendException: Backend Internal error: Exception during IR lowering
File being compiled: /Users/farhan/PolygonAreaColoringwithOpenGL/app/src/main/java/com/raywenderlich/polygonareacoloringwithopengl/MainActivity.kt
The root cause java.lang.RuntimeException was thrown at: org.jetbrains.kotlin.backend.jvm.codegen.FunctionCodegen.generate(FunctionCodegen.kt:47)
	at org.jetbrains.kotlin.backend.common.CodegenUtil.reportBackendException(CodegenUtil.kt:253)
	at org.jetbrains.kotlin.backend.common.CodegenUtil.reportBackendException$default(CodegenUtil.kt:236)
	at org.jetbrains.kotlin.backend.common.phaser.PerformByIrFilePhase.invokeSequential(performByIrFile.kt:65)
	at org.jetbrains.kotlin.backend.common.phaser.PerformByIrFilePhase.invoke(performByIrFile.kt:52)
	at org.jetbrains.kotlin.backend.common.phaser.PerformByIrFilePhase.invoke(performByIrFile.kt:38)
	at org.jetbrains.kotlin.backend.common.phaser.NamedCompilerPhase.phaseBody(CompilerPhase.kt:166)
	at org.jetbrains.kotlin.backend.common.phaser.AbstractNamedCompilerPhase.invoke(CompilerPhase.kt:113)
	at org.jetbrains.kotlin.backend.common.phaser.CompositePhase.invoke(PhaseBuilders.kt:27)
	at org.jetbrains.kotlin.backend.common.phaser.CompositePhase.invoke(PhaseBuilders.kt:14)
	at org.jetbrains.kotlin.backend.common.phaser.NamedCompilerPhase.phaseBody(CompilerPhase.kt:166)
	at org.jetbrains.kotlin.backend.common.phaser.AbstractNamedCompilerPhase.invoke(CompilerPhase.kt:113)
	at org.jetbrains.kotlin.backend.common.phaser.CompilerPhaseKt.invokeToplevel(CompilerPhase.kt:62)
	at org.jetbrains.kotlin.backend.jvm.JvmIrCodegenFactory.invokeCodegen(JvmIrCodegenFactory.kt:371)
	at org.jetbrains.kotlin.codegen.CodegenFactory.generateModule(CodegenFactory.kt:47)
	at org.jetbrains.kotlin.backend.jvm.JvmIrCodegenFactory.generateModuleInFrontendIRMode(JvmIrCodegenFactory.kt:433)
	at org.jetbrains.kotlin.cli.jvm.compiler.pipeline.JvmCompilerPipelineKt.generateCodeFromIr(jvmCompilerPipeline.kt:246)
	at org.jetbrains.kotlin.cli.jvm.compiler.pipeline.JvmCompilerPipelineKt.compileModulesUsingFrontendIrAndLightTree(jvmCompilerPipeline.kt:142)
	at org.jetbrains.kotlin.cli.jvm.K2JVMCompiler.doExecute(K2JVMCompiler.kt:148)
	at org.jetbrains.kotlin.cli.jvm.K2JVMCompiler.doExecute(K2JVMCompiler.kt:43)
	at org.jetbrains.kotlin.cli.common.CLICompiler.execImpl(CLICompiler.kt:103)
	at org.jetbrains.kotlin.cli.common.CLICompiler.execImpl(CLICompiler.kt:49)
	at org.jetbrains.kotlin.cli.common.CLITool.exec(CLITool.kt:101)
	at org.jetbrains.kotlin.incremental.IncrementalJvmCompilerRunner.runCompiler(IncrementalJvmCompilerRunner.kt:464)
	at org.jetbrains.kotlin.incremental.IncrementalJvmCompilerRunner.runCompiler(IncrementalJvmCompilerRunner.kt:73)
	at org.jetbrains.kotlin.incremental.IncrementalCompilerRunner.doCompile(IncrementalCompilerRunner.kt:506)
	at org.jetbrains.kotlin.incremental.IncrementalCompilerRunner.compileImpl(IncrementalCompilerRunner.kt:423)
	at org.jetbrains.kotlin.incremental.IncrementalCompilerRunner.tryCompileIncrementally$lambda$9$compile(IncrementalCompilerRunner.kt:249)
	at org.jetbrains.kotlin.incremental.IncrementalCompilerRunner.tryCompileIncrementally(IncrementalCompilerRunner.kt:267)
	at org.jetbrains.kotlin.incremental.IncrementalCompilerRunner.compile(IncrementalCompilerRunner.kt:120)
	at org.jetbrains.kotlin.daemon.CompileServiceImplBase.execIncrementalCompiler(CompileServiceImpl.kt:675)
	at org.jetbrains.kotlin.daemon.CompileServiceImplBase.access$execIncrementalCompiler(CompileServiceImpl.kt:92)
	at org.jetbrains.kotlin.daemon.CompileServiceImpl.compile(CompileServiceImpl.kt:1660)
	at java.base/jdk.internal.reflect.DirectMethodHandleAccessor.invoke(Unknown Source)
	at java.base/java.lang.reflect.Method.invoke(Unknown Source)
	at java.rmi/sun.rmi.server.UnicastServerRef.dispatch(Unknown Source)
	at java.rmi/sun.rmi.transport.Transport$1.run(Unknown Source)
	at java.rmi/sun.rmi.transport.Transport$1.run(Unknown Source)
	at java.base/java.security.AccessController.doPrivileged(Unknown Source)
	at java.rmi/sun.rmi.transport.Transport.serviceCall(Unknown Source)
	at java.rmi/sun.rmi.transport.tcp.TCPTransport.handleMessages(Unknown Source)
	at java.rmi/sun.rmi.transport.tcp.TCPTransport$ConnectionHandler.run0(Unknown Source)
	at java.rmi/sun.rmi.transport.tcp.TCPTransport$ConnectionHandler.lambda$run$0(Unknown Source)
	at java.base/java.security.AccessController.doPrivileged(Unknown Source)
	at java.rmi/sun.rmi.transport.tcp.TCPTransport$ConnectionHandler.run(Unknown Source)
	at java.base/java.util.concurrent.ThreadPoolExecutor.runWorker(Unknown Source)
	at java.base/java.util.concurrent.ThreadPoolExecutor$Worker.run(Unknown Source)
	at java.base/java.lang.Thread.run(Unknown Source)
Caused by: java.lang.RuntimeException: Exception while generating code for:
FUN name:onCreate visibility:protected modality:OPEN <> ($this:com.raywenderlich.polygonareacoloringwithopengl.MainActivity, savedInstanceState:android.os.Bundle?) returnType:kotlin.Unit
  overridden:
    protected open fun onCreate (savedInstanceState: android.os.Bundle?): kotlin.Unit declared in androidx.activity.ComponentActivity
  $this: VALUE_PARAMETER name:<this> type:com.raywenderlich.polygonareacoloringwithopengl.MainActivity
  VALUE_PARAMETER name:savedInstanceState index:0 type:android.os.Bundle?
  BLOCK_BODY
    CALL 'protected open fun onCreate (savedInstanceState: android.os.Bundle?): kotlin.Unit declared in androidx.activity.ComponentActivity' superQualifier='CLASS IR_EXTERNAL_DECLARATION_STUB CLASS name:ComponentActivity modality:OPEN visibility:public superTypes:[androidx.core.app.ComponentActivity; androidx.activity.contextaware.ContextAware; androidx.lifecycle.LifecycleOwner; androidx.lifecycle.ViewModelStoreOwner; androidx.lifecycle.HasDefaultViewModelProviderFactory; androidx.savedstate.SavedStateRegistryOwner; androidx.activity.OnBackPressedDispatcherOwner; androidx.navigationevent.NavigationEventDispatcherOwner; androidx.activity.result.ActivityResultRegistryOwner; androidx.activity.result.ActivityResultCaller; androidx.core.content.OnConfigurationChangedProvider; androidx.core.content.OnTrimMemoryProvider; androidx.core.app.OnNewIntentProvider; androidx.core.app.OnMultiWindowModeChangedProvider; androidx.core.app.PictureInPictureProvider; androidx.core.view.MenuHost; androidx.activity.FullyDrawnReporterOwner]' type=kotlin.Unit origin=null
      $this: GET_VAR '<this>: com.raywenderlich.polygonareacoloringwithopengl.MainActivity declared in com.raywenderlich.polygonareacoloringwithopengl.MainActivity.onCreate' type=com.raywenderlich.polygonareacoloringwithopengl.MainActivity origin=null
      savedInstanceState: GET_VAR 'savedInstanceState: android.os.Bundle? declared in com.raywenderlich.polygonareacoloringwithopengl.MainActivity.onCreate' type=android.os.Bundle? origin=null
    CALL 'public final fun enableEdgeToEdge$default (statusBarStyle: androidx.activity.SystemBarStyle?, navigationBarStyle: androidx.activity.SystemBarStyle?, $mask0: kotlin.Int, $handler: kotlin.Any?): kotlin.Unit declared in androidx.activity.EdgeToEdge' type=kotlin.Unit origin=DEFAULT_DISPATCH_CALL
      $receiver: GET_VAR '<this>: com.raywenderlich.polygonareacoloringwithopengl.MainActivity declared in com.raywenderlich.polygonareacoloringwithopengl.MainActivity.onCreate' type=com.raywenderlich.polygonareacoloringwithopengl.MainActivity origin=null
      statusBarStyle: COMPOSITE type=androidx.activity.SystemBarStyle? origin=DEFAULT_VALUE
        CONST Null type=androidx.activity.SystemBarStyle? value=null
      navigationBarStyle: COMPOSITE type=androidx.activity.SystemBarStyle? origin=DEFAULT_VALUE
        CONST Null type=androidx.activity.SystemBarStyle? value=null
      $mask0: CONST Int type=kotlin.Int value=3
      $handler: CONST Null type=kotlin.Any? value=null
    CALL 'public final fun setContent$default (parent: androidx.compose.runtime.CompositionContext?, content: kotlin.Function2<androidx.compose.runtime.Composer, kotlin.Int, kotlin.Unit>, $mask0: kotlin.Int, $handler: kotlin.Any?): kotlin.Unit declared in androidx.activity.compose.ComponentActivityKt' type=kotlin.Unit origin=DEFAULT_DISPATCH_CALL
      $receiver: GET_VAR '<this>: com.raywenderlich.polygonareacoloringwithopengl.MainActivity declared in com.raywenderlich.polygonareacoloringwithopengl.MainActivity.onCreate' type=com.raywenderlich.polygonareacoloringwithopengl.MainActivity origin=null
      parent: COMPOSITE type=androidx.compose.runtime.CompositionContext? origin=DEFAULT_VALUE
        CONST Null type=androidx.compose.runtime.CompositionContext? value=null
      content: CALL 'public final fun composableLambdaInstance (key: kotlin.Int, tracked: kotlin.Boolean, block: kotlin.Any): androidx.compose.runtime.internal.ComposableLambda declared in androidx.compose.runtime.internal.ComposableLambdaKt' type=androidx.compose.runtime.internal.ComposableLambda origin=null
        key: CONST Int type=kotlin.Int value=154307899
        tracked: CONST Boolean type=kotlin.Boolean value=true
        block: BLOCK type=com.raywenderlich.polygonareacoloringwithopengl.MainActivity.onCreate.<no name provided> origin=null
          CLASS LAMBDA_IMPL CLASS name:<no name provided> modality:FINAL visibility:public/*package*/ superTypes:[kotlin.Any; kotlin.Function2<androidx.compose.runtime.Composer, kotlin.Int, kotlin.Unit>]
            $this: VALUE_PARAMETER INSTANCE_RECEIVER name:<this> type:com.raywenderlich.polygonareacoloringwithopengl.MainActivity.onCreate.<no name provided>
            CONSTRUCTOR GENERATED_MEMBER_IN_CALLABLE_REFERENCE visibility:public/*package*/ <> (this$0:com.raywenderlich.polygonareacoloringwithopengl.MainActivity) returnType:com.raywenderlich.polygonareacoloringwithopengl.MainActivity.onCreate.<no name provided> [primary]
              VALUE_PARAMETER BOUND_RECEIVER_PARAMETER name:this$0 index:0 type:com.raywenderlich.polygonareacoloringwithopengl.MainActivity
              BLOCK_BODY
                SET_FIELD 'FIELD FIELD_FOR_CAPTURED_VALUE name:this$0 type:com.raywenderlich.polygonareacoloringwithopengl.MainActivity visibility:public/*package*/ [final] declared in com.raywenderlich.polygonareacoloringwithopengl.MainActivity.onCreate.<no name provided>' type=kotlin.Unit origin=INITIALIZER_OF_FIELD_FOR_CAPTURED_VALUE
                  receiver: GET_VAR '<this>: com.raywenderlich.polygonareacoloringwithopengl.MainActivity.onCreate.<no name provided> declared in com.raywenderlich.polygonareacoloringwithopengl.MainActivity.onCreate.<no name provided>' type=com.raywenderlich.polygonareacoloringwithopengl.MainActivity.onCreate.<no name provided> origin=null
                  value: GET_VAR 'this$0: com.raywenderlich.polygonareacoloringwithopengl.MainActivity declared in com.raywenderlich.polygonareacoloringwithopengl.MainActivity.onCreate.<no name provided>.<init>' type=com.raywenderlich.polygonareacoloringwithopengl.MainActivity origin=null
                DELEGATING_CONSTRUCTOR_CALL 'public constructor <init> () [primary] declared in kotlin.Any'
                BLOCK type=kotlin.Unit origin=null
            FUN name:invoke visibility:public modality:FINAL <> ($this:com.raywenderlich.polygonareacoloringwithopengl.MainActivity.onCreate.<no name provided>, $composer:androidx.compose.runtime.Composer?, $changed:kotlin.Int) returnType:kotlin.Unit
              annotations:
                Composable
                ComposableTarget(applier = "androidx.compose.ui.UiComposable")
              overridden:
                public abstract fun invoke (p1: P1 of kotlin.Function2, p2: P2 of kotlin.Function2): R of kotlin.Function2 [operator] declared in kotlin.Function2
              $this: VALUE_PARAMETER INSTANCE_RECEIVER name:<this> type:com.raywenderlich.polygonareacoloringwithopengl.MainActivity.onCreate.<no name provided>
              VALUE_PARAMETER name:$composer index:0 type:androidx.compose.runtime.Composer? [assignable]
              VALUE_PARAMETER name:$changed index:1 type:kotlin.Int
              BLOCK_BODY
                CALL 'public final fun sourceInformation (composer: androidx.compose.runtime.Composer, sourceInformation: kotlin.String): kotlin.Unit declared in androidx.compose.runtime.ComposerKt' type=kotlin.Unit origin=null
                  composer: GET_VAR '$composer: androidx.compose.runtime.Composer? [assignable] declared in com.raywenderlich.polygonareacoloringwithopengl.MainActivity.onCreate.<no name provided>.invoke' type=androidx.compose.runtime.Composer? origin=null
                  sourceInformation: CONST String type=kotlin.String value="C27@1042L338,26@1003L391:MainActivity.kt#5zpjur"
                WHEN type=kotlin.Unit origin=IF
                  BRANCH
                    if: CALL 'public final fun OROR (arg0: kotlin.Boolean, arg1: kotlin.Boolean): kotlin.Boolean declared in kotlin.internal.ir' type=kotlin.Boolean origin=null
                      arg0: CALL 'public final fun not (): kotlin.Boolean [operator] declared in kotlin.Boolean' type=kotlin.Boolean origin=null
                        $this: CALL 'public final fun EQEQ (arg0: kotlin.Any?, arg1: kotlin.Any?): kotlin.Boolean declared in kotlin.internal.ir' type=kotlin.Boolean origin=null
                          arg0: CALL 'public final fun and (other: kotlin.Int): kotlin.Int [infix] declared in kotlin.Int' type=kotlin.Int origin=null
                            $this: GET_VAR '$changed: kotlin.Int declared in com.raywenderlich.polygonareacoloringwithopengl.MainActivity.onCreate.<no name provided>.invoke' type=kotlin.Int origin=null
                            other: CONST Int type=kotlin.Int value=3
                          arg1: CONST Int type=kotlin.Int value=2
                      arg1: CALL 'public final fun not (): kotlin.Boolean [operator] declared in kotlin.Boolean' type=kotlin.Boolean origin=null
                        $this: CALL 'public abstract fun <get-skipping> (): kotlin.Boolean declared in androidx.compose.runtime.Composer' type=kotlin.Boolean origin=null
                          $this: GET_VAR '$composer: androidx.compose.runtime.Composer? [assignable] declared in com.raywenderlich.polygonareacoloringwithopengl.MainActivity.onCreate.<no name provided>.invoke' type=androidx.compose.runtime.Composer? origin=null
                    then: BLOCK type=kotlin.Unit origin=null
                      WHEN type=kotlin.Unit origin=IF
                        BRANCH
                          if: CALL 'public final fun isTraceInProgress (): kotlin.Boolean declared in androidx.compose.runtime.ComposerKt' type=kotlin.Boolean origin=null
                          then: CALL 'public final fun traceEventStart (key: kotlin.Int, dirty1: kotlin.Int, dirty2: kotlin.Int, info: kotlin.String): kotlin.Unit declared in androidx.compose.runtime.ComposerKt' type=kotlin.Unit origin=null
                            key: CONST Int type=kotlin.Int value=154307899
                            dirty1: GET_VAR '$changed: kotlin.Int declared in com.raywenderlich.polygonareacoloringwithopengl.MainActivity.onCreate.<no name provided>.invoke' type=kotlin.Int origin=null
                            dirty2: CONST Int type=kotlin.Int value=-1
                            info: CONST String type=kotlin.String value="com.raywenderlich.polygonareacoloringwithopengl.MainActivity.onCreate.<anonymous> (MainActivity.kt:26)"
                      CALL 'public final fun AndroidView <T> (factory: kotlin.Function1<android.content.Context, T of androidx.compose.ui.viewinterop.AndroidView_androidKt.AndroidView>, modifier: androidx.compose.ui.Modifier?, update: kotlin.Function1<T of androidx.compose.ui.viewinterop.AndroidView_androidKt.AndroidView, kotlin.Unit>?, $composer: androidx.compose.runtime.Composer?, $changed: kotlin.Int, $default: kotlin.Int): kotlin.Unit declared in androidx.compose.ui.viewinterop.AndroidView_androidKt' type=kotlin.Unit origin=null
                        <T>: android.opengl.GLSurfaceView
                        factory: BLOCK type=kotlin.Function1<android.content.Context, android.opengl.GLSurfaceView> origin=null
                          BLOCK type=kotlin.Unit origin=null
                            CALL 'public abstract fun startReplaceGroup (key: kotlin.Int): kotlin.Unit declared in androidx.compose.runtime.Composer' type=kotlin.Unit origin=null
                              $this: GET_VAR '$composer: androidx.compose.runtime.Composer? [assignable] declared in com.raywenderlich.polygonareacoloringwithopengl.MainActivity.onCreate.<no name provided>.invoke' type=androidx.compose.runtime.Composer? origin=null
                              key: CONST Int type=kotlin.Int value=714133889
                            CALL 'public final fun sourceInformation (composer: androidx.compose.runtime.Composer, sourceInformation: kotlin.String): kotlin.Unit declared in androidx.compose.runtime.ComposerKt' type=kotlin.Unit origin=null
                              composer: GET_VAR '$composer: androidx.compose.runtime.Composer? [assignable] declared in com.raywenderlich.polygonareacoloringwithopengl.MainActivity.onCreate.<no name provided>.invoke' type=androidx.compose.runtime.Composer? origin=null
                              sourceInformation: CONST String type=kotlin.String value="CC(remember):MainActivity.kt#9igjgp"
                          VAR IR_TEMPORARY_VARIABLE name:tmp0_group type:kotlin.Function1<android.content.Context, android.opengl.GLSurfaceView> [val]
                            CALL 'public final fun cache <T> (invalid: kotlin.Boolean, block: @[DisallowComposableCalls] kotlin.Function0<T of androidx.compose.runtime.ComposerKt.cache>): T of androidx.compose.runtime.ComposerKt.cache [inline] declared in androidx.compose.runtime.ComposerKt' type=kotlin.Function1<android.content.Context, android.opengl.GLSurfaceView> origin=null
                              <T>: kotlin.Function1<android.content.Context, android.opengl.GLSurfaceView>
                              $receiver: GET_VAR '$composer: androidx.compose.runtime.Composer? [assignable] declared in com.raywenderlich.polygonareacoloringwithopengl.MainActivity.onCreate.<no name provided>.invoke' type=androidx.compose.runtime.Composer? origin=null
                              invalid: CALL 'public open fun changedInstance (value: kotlin.Any?): kotlin.Boolean declared in androidx.compose.runtime.Composer' type=kotlin.Boolean origin=null
                                $this: GET_VAR '$composer: androidx.compose.runtime.Composer? [assignable] declared in com.raywenderlich.polygonareacoloringwithopengl.MainActivity.onCreate.<no name provided>.invoke' type=androidx.compose.runtime.Composer? origin=null
                                value: GET_FIELD 'FIELD FIELD_FOR_CAPTURED_VALUE name:this$0 type:com.raywenderlich.polygonareacoloringwithopengl.MainActivity visibility:public/*package*/ [final] declared in com.raywenderlich.polygonareacoloringwithopengl.MainActivity.onCreate.<no name provided>' type=com.raywenderlich.polygonareacoloringwithopengl.MainActivity origin=null
                                  receiver: GET_VAR '<this>: com.raywenderlich.polygonareacoloringwithopengl.MainActivity.onCreate.<no name provided> declared in com.raywenderlich.polygonareacoloringwithopengl.MainActivity.onCreate.<no name provided>.invoke' type=com.raywenderlich.polygonareacoloringwithopengl.MainActivity.onCreate.<no name provided> origin=null
                              block: BLOCK type=kotlin.Function0<kotlin.Function1<android.content.Context, android.opengl.GLSurfaceView>> origin=LAMBDA
                                COMPOSITE type=kotlin.Unit origin=null
                                FUNCTION_REFERENCE 'private final fun invoke$lambda$2 (this$0: com.raywenderlich.polygonareacoloringwithopengl.MainActivity): kotlin.Function1<android.content.Context, android.opengl.GLSurfaceView> declared in com.raywenderlich.polygonareacoloringwithopengl.MainActivity.onCreate.<no name provided>' type=kotlin.Function0<kotlin.Function1<android.content.Context, android.opengl.GLSurfaceView>> origin=INLINE_LAMBDA reflectionTarget=null
                                  this$0: GET_FIELD 'FIELD FIELD_FOR_CAPTURED_VALUE name:this$0 type:com.raywenderlich.polygonareacoloringwithopengl.MainActivity visibility:public/*package*/ [final] declared in com.raywenderlich.polygonareacoloringwithopengl.MainActivity.onCreate.<no name provided>' type=com.raywenderlich.polygonareacoloringwithopengl.MainActivity origin=null
                                    receiver: GET_VAR '<this>: com.raywenderlich.polygonareacoloringwithopengl.MainActivity.onCreate.<no name provided> declared in com.raywenderlich.polygonareacoloringwithopengl.MainActivity.onCreate.<no name provided>.invoke' type=com.raywenderlich.polygonareacoloringwithopengl.MainActivity.onCreate.<no name provided> origin=null
                          CALL 'public abstract fun endReplaceGroup (): kotlin.Unit declared in androidx.compose.runtime.Composer' type=kotlin.Unit origin=null
                            $this: GET_VAR '$composer: androidx.compose.runtime.Composer? [assignable] declared in com.raywenderlich.polygonareacoloringwithopengl.MainActivity.onCreate.<no name provided>.invoke' type=androidx.compose.runtime.Composer? origin=null
                          GET_VAR 'val tmp0_group: kotlin.Function1<android.content.Context, android.opengl.GLSurfaceView> [val] declared in com.raywenderlich.polygonareacoloringwithopengl.MainActivity.onCreate.<no name provided>.invoke' type=kotlin.Function1<android.content.Context, android.opengl.GLSurfaceView> origin=null
                        modifier: COMPOSITE type=kotlin.Nothing? origin=DEFAULT_VALUE
                          CONST Null type=kotlin.Nothing? value=null
                        update: COMPOSITE type=kotlin.Nothing? origin=DEFAULT_VALUE
                          CONST Null type=kotlin.Nothing? value=null
                        $composer: GET_VAR '$composer: androidx.compose.runtime.Composer? [assignable] declared in com.raywenderlich.polygonareacoloringwithopengl.MainActivity.onCreate.<no name provided>.invoke' type=androidx.compose.runtime.Composer? origin=null
                        $changed: CONST Int type=kotlin.Int value=0
                        $default: CONST Int type=kotlin.Int value=6
                      WHEN type=kotlin.Unit origin=IF
                        BRANCH
                          if: CALL 'public final fun isTraceInProgress (): kotlin.Boolean declared in androidx.compose.runtime.ComposerKt' type=kotlin.Boolean origin=null
                          then: CALL 'public final fun traceEventEnd (): kotlin.Unit declared in androidx.compose.runtime.ComposerKt' type=kotlin.Unit origin=null
                  BRANCH
                    if: CONST Boolean type=kotlin.Boolean value=true
                    then: CALL 'public abstract fun skipToGroupEnd (): kotlin.Unit declared in androidx.compose.runtime.Composer' type=kotlin.Unit origin=null
                      $this: GET_VAR '$composer: androidx.compose.runtime.Composer? [assignable] declared in com.raywenderlich.polygonareacoloringwithopengl.MainActivity.onCreate.<no name provided>.invoke' type=androidx.compose.runtime.Composer? origin=null
            FIELD FIELD_FOR_CAPTURED_VALUE name:this$0 type:com.raywenderlich.polygonareacoloringwithopengl.MainActivity visibility:public/*package*/ [final]
            FUN INLINE_LAMBDA name:invoke$lambda$2$lambda$1$lambda$0 visibility:private modality:FINAL <> ($receiver:android.opengl.GLSurfaceView, this$0:com.raywenderlich.polygonareacoloringwithopengl.MainActivity, $context:android.content.Context) returnType:kotlin.Unit
              $receiver: VALUE_PARAMETER name:$this$apply type:android.opengl.GLSurfaceView
              VALUE_PARAMETER BOUND_VALUE_PARAMETER name:this$0 index:0 type:com.raywenderlich.polygonareacoloringwithopengl.MainActivity
              VALUE_PARAMETER BOUND_VALUE_PARAMETER name:$context index:1 type:android.content.Context
              BLOCK_BODY
                VAR name:$i$a$-apply-MainActivity$onCreate$1$1$1$1 type:kotlin.Int [val]
                  CONST Int type=kotlin.Int value=0
                CALL 'public open fun setEGLContextClientVersion (p0: kotlin.Int): kotlin.Unit declared in android.opengl.GLSurfaceView' type=kotlin.Unit origin=null
                  $this: GET_VAR '$this$apply: android.opengl.GLSurfaceView declared in com.raywenderlich.polygonareacoloringwithopengl.MainActivity.onCreate.<no name provided>.invoke$lambda$2$lambda$1$lambda$0' type=android.opengl.GLSurfaceView origin=null
                  p0: CONST Int type=kotlin.Int value=2
                CALL 'public final fun access$setRenderer$p ($this: com.raywenderlich.polygonareacoloringwithopengl.MainActivity, <set-?>: com.raywenderlich.polygonareacoloringwithopengl.PolygonRenderer?): kotlin.Unit declared in com.raywenderlich.polygonareacoloringwithopengl.MainActivity' type=kotlin.Unit origin=null
                  $this: GET_VAR 'this$0: com.raywenderlich.polygonareacoloringwithopengl.MainActivity declared in com.raywenderlich.polygonareacoloringwithopengl.MainActivity.onCreate.<no name provided>.invoke$lambda$2$lambda$1$lambda$0' type=com.raywenderlich.polygonareacoloringwithopengl.MainActivity origin=null
                  <set-?>: CONSTRUCTOR_CALL 'public constructor <init> (context: android.content.Context) [primary] declared in com.raywenderlich.polygonareacoloringwithopengl.PolygonRenderer' type=com.raywenderlich.polygonareacoloringwithopengl.PolygonRenderer origin=null
                    context: GET_VAR '$context: android.content.Context declared in com.raywenderlich.polygonareacoloringwithopengl.MainActivity.onCreate.<no name provided>.invoke$lambda$2$lambda$1$lambda$0' type=android.content.Context origin=null
                CALL 'public open fun setRenderer (p0: @[FlexibleNullability] android.opengl.GLSurfaceView.Renderer?): kotlin.Unit declared in android.opengl.GLSurfaceView' type=kotlin.Unit origin=null
                  $this: GET_VAR '$this$apply: android.opengl.GLSurfaceView declared in com.raywenderlich.polygonareacoloringwithopengl.MainActivity.onCreate.<no name provided>.invoke$lambda$2$lambda$1$lambda$0' type=android.opengl.GLSurfaceView origin=null
                  p0: BLOCK type=com.raywenderlich.polygonareacoloringwithopengl.PolygonRenderer origin=FOLDED_ELVIS
                    WHEN type=com.raywenderlich.polygonareacoloringwithopengl.PolygonRenderer origin=FOLDED_ELVIS
                      BRANCH
                        if: COMPOSITE type=kotlin.Boolean origin=null
                          VAR IR_TEMPORARY_VARIABLE name:tmp0 type:com.raywenderlich.polygonareacoloringwithopengl.PolygonRenderer? [val]
                            CALL 'public final fun access$getRenderer$p ($this: com.raywenderlich.polygonareacoloringwithopengl.MainActivity): com.raywenderlich.polygonareacoloringwithopengl.PolygonRenderer? declared in com.raywenderlich.polygonareacoloringwithopengl.MainActivity' type=com.raywenderlich.polygonareacoloringwithopengl.PolygonRenderer? origin=null
                              $this: GET_VAR 'this$0: com.raywenderlich.polygonareacoloringwithopengl.MainActivity declared in com.raywenderlich.polygonareacoloringwithopengl.MainActivity.onCreate.<no name provided>.invoke$lambda$2$lambda$1$lambda$0' type=com.raywenderlich.polygonareacoloringwithopengl.MainActivity origin=null
                          CALL 'public final fun not (): kotlin.Boolean [operator] declared in kotlin.Boolean' type=kotlin.Boolean origin=null
                            $this: CALL 'public final fun EQEQ (arg0: kotlin.Any?, arg1: kotlin.Any?): kotlin.Boolean declared in kotlin.internal.ir' type=kotlin.Boolean origin=null
                              arg0: GET_VAR 'val tmp0: com.raywenderlich.polygonareacoloringwithopengl.PolygonRenderer? [val] declared in com.raywenderlich.polygonareacoloringwithopengl.MainActivity.onCreate.<no name provided>.invoke$lambda$2$lambda$1$lambda$0' type=com.raywenderlich.polygonareacoloringwithopengl.PolygonRenderer? origin=null
                              arg1: CONST Null type=kotlin.Nothing? value=null
                        then: GET_VAR 'val tmp0: com.raywenderlich.polygonareacoloringwithopengl.PolygonRenderer? [val] declared in com.raywenderlich.polygonareacoloringwithopengl.MainActivity.onCreate.<no name provided>.invoke$lambda$2$lambda$1$lambda$0' type=com.raywenderlich.polygonareacoloringwithopengl.PolygonRenderer? origin=null
                      BRANCH
                        if: CONST Boolean type=kotlin.Boolean value=true
                        then: BLOCK type=kotlin.Unit origin=null
                          CALL 'public final fun throwUninitializedPropertyAccessException (propertyName: kotlin.String): kotlin.Unit declared in kotlin.jvm.internal.Intrinsics' type=kotlin.Unit origin=null
                            propertyName: CONST String type=kotlin.String value="renderer"
                SET_FIELD 'FIELD IR_EXTERNAL_JAVA_DECLARATION_STUB name:repeatMode type:kotlin.Int visibility:public [final,static] declared in android.R.attr' type=kotlin.Unit superQualifierSymbol=android.R.attr origin=EQ
                  value: CONST Int type=kotlin.Int value=1
            FUN LOCAL_FUNCTION_FOR_LAMBDA name:invoke$lambda$2$lambda$1 visibility:private modality:FINAL <> (this$0:com.raywenderlich.polygonareacoloringwithopengl.MainActivity, context:android.content.Context) returnType:android.opengl.GLSurfaceView
              VALUE_PARAMETER BOUND_VALUE_PARAMETER name:this$0 index:0 type:com.raywenderlich.polygonareacoloringwithopengl.MainActivity
              VALUE_PARAMETER name:context index:1 type:android.content.Context
              BLOCK_BODY
                RETURN type=kotlin.Nothing from='private final fun invoke$lambda$2$lambda$1 (this$0: com.raywenderlich.polygonareacoloringwithopengl.MainActivity, context: android.content.Context): android.opengl.GLSurfaceView declared in com.raywenderlich.polygonareacoloringwithopengl.MainActivity.onCreate.<no name provided>'
                  CALL 'public final fun apply <T> (block: @[ExtensionFunctionType] kotlin.Function1<T of kotlin.StandardKt.apply, kotlin.Unit>): T of kotlin.StandardKt.apply [inline] declared in kotlin.StandardKt' type=android.opengl.GLSurfaceView origin=null
                    <T>: android.opengl.GLSurfaceView
                    $receiver: CONSTRUCTOR_CALL 'public constructor <init> (p0: @[FlexibleNullability] android.content.Context?) declared in android.opengl.GLSurfaceView' type=android.opengl.GLSurfaceView origin=null
                      p0: GET_VAR 'context: android.content.Context declared in com.raywenderlich.polygonareacoloringwithopengl.MainActivity.onCreate.<no name provided>.invoke$lambda$2$lambda$1' type=android.content.Context origin=null
                    block: BLOCK type=@[ExtensionFunctionType] kotlin.Function1<android.opengl.GLSurfaceView, kotlin.Unit> origin=LAMBDA
                      COMPOSITE type=kotlin.Unit origin=null
                      FUNCTION_REFERENCE 'private final fun invoke$lambda$2$lambda$1$lambda$0 (this$0: com.raywenderlich.polygonareacoloringwithopengl.MainActivity, $context: android.content.Context): kotlin.Unit declared in com.raywenderlich.polygonareacoloringwithopengl.MainActivity.onCreate.<no name provided>' type=@[ExtensionFunctionType] kotlin.Function1<android.opengl.GLSurfaceView, kotlin.Unit> origin=INLINE_LAMBDA reflectionTarget=null
                        this$0: GET_VAR 'this$0: com.raywenderlich.polygonareacoloringwithopengl.MainActivity declared in com.raywenderlich.polygonareacoloringwithopengl.MainActivity.onCreate.<no name provided>.invoke$lambda$2$lambda$1' type=com.raywenderlich.polygonareacoloringwithopengl.MainActivity origin=null
                        $context: GET_VAR 'context: android.content.Context declared in com.raywenderlich.polygonareacoloringwithopengl.MainActivity.onCreate.<no name provided>.invoke$lambda$2$lambda$1' type=android.content.Context origin=null
            FUN INLINE_LAMBDA name:invoke$lambda$2 visibility:private modality:FINAL <> (this$0:com.raywenderlich.polygonareacoloringwithopengl.MainActivity) returnType:kotlin.Function1<android.content.Context, android.opengl.GLSurfaceView>
              VALUE_PARAMETER BOUND_VALUE_PARAMETER name:this$0 index:0 type:com.raywenderlich.polygonareacoloringwithopengl.MainActivity
              BLOCK_BODY
                VAR name:$i$a$-cache-MainActivity$onCreate$1$1 type:kotlin.Int [val]
                  CONST Int type=kotlin.Int value=0
                RETURN type=kotlin.Nothing from='private final fun invoke$lambda$2 (this$0: com.raywenderlich.polygonareacoloringwithopengl.MainActivity): kotlin.Function1<android.content.Context, android.opengl.GLSurfaceView> declared in com.raywenderlich.polygonareacoloringwithopengl.MainActivity.onCreate.<no name provided>'
                  BLOCK type=kotlin.Function1<android.content.Context, android.opengl.GLSurfaceView> origin=LAMBDA
                    COMPOSITE type=kotlin.Unit origin=null
                    CALL 'public final fun <jvm-indy> <T> (dynamicCall: T of kotlin.jvm.internal.<jvm-indy>, bootstrapMethodHandle: kotlin.Any, vararg bootstrapMethodArguments: kotlin.Any): T of kotlin.jvm.internal.<jvm-indy> declared in kotlin.jvm.internal' type=kotlin.Function1<android.content.Context, android.opengl.GLSurfaceView> origin=null
                      <T>: kotlin.Function1<android.content.Context, android.opengl.GLSurfaceView>
                      dynamicCall: CALL 'public final fun invoke (p0: com.raywenderlich.polygonareacoloringwithopengl.MainActivity): kotlin.Function1<android.content.Context, android.opengl.GLSurfaceView> declared in kotlin.jvm.internal.invokeDynamic' type=kotlin.Function1<android.content.Context, android.opengl.GLSurfaceView> origin=null
                        p0: GET_VAR 'this$0: com.raywenderlich.polygonareacoloringwithopengl.MainActivity declared in com.raywenderlich.polygonareacoloringwithopengl.MainActivity.onCreate.<no name provided>.invoke$lambda$2' type=com.raywenderlich.polygonareacoloringwithopengl.MainActivity origin=null
                      bootstrapMethodHandle: CALL 'public final fun <jvm-method-handle> (tag: kotlin.Int, owner: kotlin.String, name: kotlin.String, descriptor: kotlin.String, isInterface: kotlin.Boolean): kotlin.Any declared in kotlin.jvm.internal' type=kotlin.Any origin=null
                        tag: CONST Int type=kotlin.Int value=6
                        owner: CONST String type=kotlin.String value="java/lang/invoke/LambdaMetafactory"
                        name: CONST String type=kotlin.String value="metafactory"
                        descriptor: CONST String type=kotlin.String value="(Ljava/lang/invoke/MethodHandles$Lookup;Ljava/lang/String;Ljava/lang/invoke/MethodType;Ljava/lang/invoke/MethodType;Ljava/lang/invoke/MethodHandle;Ljava/lang/invoke/MethodType;)Ljava/lang/invoke/CallSite;"
                        isInterface: CONST Boolean type=kotlin.Boolean value=false
                      bootstrapMethodArguments: VARARG type=kotlin.Array<kotlin.Any> varargElementType=kotlin.Any
                        CALL 'public final fun <jvm-original-method-type> (method: kotlin.Any): kotlin.Any declared in kotlin.jvm.internal' type=kotlin.Any origin=null
                          method: RAW_FUNCTION_REFERENCE 'public abstract fun invoke (p1: P1 of kotlin.Function1): R of kotlin.Function1 [operator] declared in kotlin.Function1' type=kotlin.Any
                        RAW_FUNCTION_REFERENCE 'private final fun invoke$lambda$2$lambda$1 (this$0: com.raywenderlich.polygonareacoloringwithopengl.MainActivity, context: android.content.Context): android.opengl.GLSurfaceView declared in com.raywenderlich.polygonareacoloringwithopengl.MainActivity.onCreate.<no name provided>' type=kotlin.Any
                        CALL 'public final fun <jvm-original-method-type> (method: kotlin.Any): kotlin.Any declared in kotlin.jvm.internal' type=kotlin.Any origin=null
                          method: RAW_FUNCTION_REFERENCE 'public abstract fun invoke (p1: android.content.Context): android.opengl.GLSurfaceView [fake_override,operator] declared in kotlin.jvm.internal.invokeDynamic.<fake>' type=kotlin.Any
            FUN BRIDGE name:invoke visibility:public modality:OPEN <> ($this:com.raywenderlich.polygonareacoloringwithopengl.MainActivity.onCreate.<no name provided>, p1:kotlin.Any?, p2:kotlin.Any?) returnType:kotlin.Any?
              $this: VALUE_PARAMETER INSTANCE_RECEIVER name:<this> type:com.raywenderlich.polygonareacoloringwithopengl.MainActivity.onCreate.<no name provided>
              VALUE_PARAMETER BRIDGE name:p1 index:0 type:kotlin.Any?
              VALUE_PARAMETER BRIDGE name:p2 index:1 type:kotlin.Any?
              EXPRESSION_BODY
                RETURN type=kotlin.Nothing from='public open fun invoke (p1: kotlin.Any?, p2: kotlin.Any?): kotlin.Any? declared in com.raywenderlich.polygonareacoloringwithopengl.MainActivity.onCreate.<no name provided>'
                  CALL 'public final fun invoke ($composer: androidx.compose.runtime.Composer?, $changed: kotlin.Int): kotlin.Unit declared in com.raywenderlich.polygonareacoloringwithopengl.MainActivity.onCreate.<no name provided>' type=kotlin.Unit origin=BRIDGE_DELEGATION
                    $this: GET_VAR '<this>: com.raywenderlich.polygonareacoloringwithopengl.MainActivity.onCreate.<no name provided> declared in com.raywenderlich.polygonareacoloringwithopengl.MainActivity.onCreate.<no name provided>.invoke' type=com.raywenderlich.polygonareacoloringwithopengl.MainActivity.onCreate.<no name provided> origin=null
                    $composer: TYPE_OP type=androidx.compose.runtime.Composer origin=IMPLICIT_CAST typeOperand=androidx.compose.runtime.Composer
                      GET_VAR 'p1: kotlin.Any? declared in com.raywenderlich.polygonareacoloringwithopengl.MainActivity.onCreate.<no name provided>.invoke' type=kotlin.Any? origin=null
                    $changed: TYPE_OP type=kotlin.Int origin=IMPLICIT_CAST typeOperand=kotlin.Int
                      GET_VAR 'p2: kotlin.Any? declared in com.raywenderlich.polygonareacoloringwithopengl.MainActivity.onCreate.<no name provided>.invoke' type=kotlin.Any? origin=null
          CONSTRUCTOR_CALL 'public/*package*/ constructor <init> (this$0: com.raywenderlich.polygonareacoloringwithopengl.MainActivity) [primary] declared in com.raywenderlich.polygonareacoloringwithopengl.MainActivity.onCreate.<no name provided>' type=com.raywenderlich.polygonareacoloringwithopengl.MainActivity.onCreate.<no name provided> origin=null
            this$0: GET_VAR '<this>: com.raywenderlich.polygonareacoloringwithopengl.MainActivity declared in com.raywenderlich.polygonareacoloringwithopengl.MainActivity.onCreate' type=com.raywenderlich.polygonareacoloringwithopengl.MainActivity origin=null
      $mask0: CONST Int type=kotlin.Int value=1
      $handler: CONST Null type=kotlin.Any? value=null

	at org.jetbrains.kotlin.backend.jvm.codegen.FunctionCodegen.generate(FunctionCodegen.kt:47)
	at org.jetbrains.kotlin.backend.jvm.codegen.FunctionCodegen.generate$default(FunctionCodegen.kt:40)
	at org.jetbrains.kotlin.backend.jvm.codegen.ClassCodegen.generateMethodNode(ClassCodegen.kt:406)
	at org.jetbrains.kotlin.backend.jvm.codegen.ClassCodegen.generateMethod(ClassCodegen.kt:423)
	at org.jetbrains.kotlin.backend.jvm.codegen.ClassCodegen.generate(ClassCodegen.kt:168)
	at org.jetbrains.kotlin.backend.jvm.FileCodegen.lower(JvmPhases.kt:39)
	at org.jetbrains.kotlin.backend.common.phaser.PhaseFactoriesKt.createFilePhase$lambda$4(PhaseFactories.kt:71)
	at org.jetbrains.kotlin.backend.common.phaser.PhaseBuildersKt$createSimpleNamedCompilerPhase$1.phaseBody(PhaseBuilders.kt:69)
	at org.jetbrains.kotlin.backend.common.phaser.SimpleNamedCompilerPhase.phaseBody(CompilerPhase.kt:226)
	at org.jetbrains.kotlin.backend.common.phaser.AbstractNamedCompilerPhase.invoke(CompilerPhase.kt:113)
	at org.jetbrains.kotlin.backend.common.phaser.PerformByIrFilePhase.invokeSequential(performByIrFile.kt:62)
	... 44 more
Caused by: java.lang.RuntimeException: Exception while generating code for:
FUN LOCAL_FUNCTION_FOR_LAMBDA name:invoke$lambda$2$lambda$1 visibility:private modality:FINAL <> (this$0:com.raywenderlich.polygonareacoloringwithopengl.MainActivity, context:android.content.Context) returnType:android.opengl.GLSurfaceView
  VALUE_PARAMETER BOUND_VALUE_PARAMETER name:this$0 index:0 type:com.raywenderlich.polygonareacoloringwithopengl.MainActivity
  VALUE_PARAMETER name:context index:1 type:android.content.Context
  BLOCK_BODY
    RETURN type=kotlin.Nothing from='private final fun invoke$lambda$2$lambda$1 (this$0: com.raywenderlich.polygonareacoloringwithopengl.MainActivity, context: android.content.Context): android.opengl.GLSurfaceView declared in com.raywenderlich.polygonareacoloringwithopengl.MainActivity.onCreate.<no name provided>'
      CALL 'public final fun apply <T> (block: @[ExtensionFunctionType] kotlin.Function1<T of kotlin.StandardKt.apply, kotlin.Unit>): T of kotlin.StandardKt.apply [inline] declared in kotlin.StandardKt' type=android.opengl.GLSurfaceView origin=null
        <T>: android.opengl.GLSurfaceView
        $receiver: CONSTRUCTOR_CALL 'public constructor <init> (p0: @[FlexibleNullability] android.content.Context?) declared in android.opengl.GLSurfaceView' type=android.opengl.GLSurfaceView origin=null
          p0: GET_VAR 'context: android.content.Context declared in com.raywenderlich.polygonareacoloringwithopengl.MainActivity.onCreate.<no name provided>.invoke$lambda$2$lambda$1' type=android.content.Context origin=null
        block: BLOCK type=@[ExtensionFunctionType] kotlin.Function1<android.opengl.GLSurfaceView, kotlin.Unit> origin=LAMBDA
          COMPOSITE type=kotlin.Unit origin=null
          FUNCTION_REFERENCE 'private final fun invoke$lambda$2$lambda$1$lambda$0 (this$0: com.raywenderlich.polygonareacoloringwithopengl.MainActivity, $context: android.content.Context): kotlin.Unit declared in com.raywenderlich.polygonareacoloringwithopengl.MainActivity.onCreate.<no name provided>' type=@[ExtensionFunctionType] kotlin.Function1<android.opengl.GLSurfaceView, kotlin.Unit> origin=INLINE_LAMBDA reflectionTarget=null
            this$0: GET_VAR 'this$0: com.raywenderlich.polygonareacoloringwithopengl.MainActivity declared in com.raywenderlich.polygonareacoloringwithopengl.MainActivity.onCreate.<no name provided>.invoke$lambda$2$lambda$1' type=com.raywenderlich.polygonareacoloringwithopengl.MainActivity origin=null
            $context: GET_VAR 'context: android.content.Context declared in com.raywenderlich.polygonareacoloringwithopengl.MainActivity.onCreate.<no name provided>.invoke$lambda$2$lambda$1' type=android.content.Context origin=null

	at org.jetbrains.kotlin.backend.jvm.codegen.FunctionCodegen.generate(FunctionCodegen.kt:47)
	at org.jetbrains.kotlin.backend.jvm.codegen.FunctionCodegen.generate$default(FunctionCodegen.kt:40)
	at org.jetbrains.kotlin.backend.jvm.codegen.ClassCodegen.generateMethodNode(ClassCodegen.kt:406)
	at org.jetbrains.kotlin.backend.jvm.codegen.ClassCodegen.generateMethod(ClassCodegen.kt:423)
	at org.jetbrains.kotlin.backend.jvm.codegen.ClassCodegen.generate(ClassCodegen.kt:168)
	at org.jetbrains.kotlin.backend.jvm.codegen.ExpressionCodegen.visitClass(ExpressionCodegen.kt:1000)
	at org.jetbrains.kotlin.backend.jvm.codegen.ExpressionCodegen.visitClass(ExpressionCodegen.kt:138)
	at org.jetbrains.kotlin.ir.declarations.IrClass.accept(IrClass.kt:72)
	at org.jetbrains.kotlin.backend.jvm.codegen.ExpressionCodegen.visitStatementContainer(ExpressionCodegen.kt:579)
	at org.jetbrains.kotlin.backend.jvm.codegen.ExpressionCodegen.visitContainerExpression(ExpressionCodegen.kt:593)
	at org.jetbrains.kotlin.backend.jvm.codegen.ExpressionCodegen.visitContainerExpression(ExpressionCodegen.kt:138)
	at org.jetbrains.kotlin.ir.visitors.IrElementVisitor$DefaultImpls.visitBlock(IrElementVisitor.kt:122)
	at org.jetbrains.kotlin.backend.jvm.codegen.ExpressionCodegen.visitBlock(ExpressionCodegen.kt:413)
	at org.jetbrains.kotlin.backend.jvm.codegen.ExpressionCodegen.visitBlock(ExpressionCodegen.kt:138)
	at org.jetbrains.kotlin.ir.expressions.IrBlock.accept(IrBlock.kt:18)
	at org.jetbrains.kotlin.backend.jvm.codegen.ExpressionCodegen.gen(ExpressionCodegen.kt:217)
	at org.jetbrains.kotlin.backend.jvm.codegen.IrCallGenerator.genValueAndPut(IrCallGenerator.kt:48)
	at org.jetbrains.kotlin.backend.jvm.codegen.ExpressionCodegen.visitCall$handleParameter(ExpressionCodegen.kt:616)
	at org.jetbrains.kotlin.backend.jvm.codegen.ExpressionCodegen.visitCall(ExpressionCodegen.kt:644)
	at org.jetbrains.kotlin.backend.jvm.codegen.ExpressionCodegen.visitCall(ExpressionCodegen.kt:138)
	at org.jetbrains.kotlin.ir.expressions.IrCall.accept(IrCall.kt:24)
	at org.jetbrains.kotlin.backend.jvm.codegen.ExpressionCodegen.gen(ExpressionCodegen.kt:217)
	at org.jetbrains.kotlin.backend.jvm.codegen.IrCallGenerator.genValueAndPut(IrCallGenerator.kt:48)
	at org.jetbrains.kotlin.backend.jvm.codegen.ExpressionCodegen.visitCall$handleParameter(ExpressionCodegen.kt:616)
	at org.jetbrains.kotlin.backend.jvm.codegen.ExpressionCodegen.visitCall(ExpressionCodegen.kt:644)
	at org.jetbrains.kotlin.backend.jvm.codegen.ExpressionCodegen.visitCall(ExpressionCodegen.kt:138)
	at org.jetbrains.kotlin.ir.expressions.IrCall.accept(IrCall.kt:24)
	at org.jetbrains.kotlin.backend.jvm.codegen.ExpressionCodegen.visitStatementContainer(ExpressionCodegen.kt:579)
	at org.jetbrains.kotlin.backend.jvm.codegen.ExpressionCodegen.visitBlockBody(ExpressionCodegen.kt:584)
	at org.jetbrains.kotlin.backend.jvm.codegen.ExpressionCodegen.visitBlockBody(ExpressionCodegen.kt:138)
	at org.jetbrains.kotlin.ir.expressions.IrBlockBody.accept(IrBlockBody.kt:20)
	at org.jetbrains.kotlin.backend.jvm.codegen.ExpressionCodegen.generate(ExpressionCodegen.kt:240)
	at org.jetbrains.kotlin.backend.jvm.codegen.FunctionCodegen.doGenerate(FunctionCodegen.kt:123)
	at org.jetbrains.kotlin.backend.jvm.codegen.FunctionCodegen.generate(FunctionCodegen.kt:44)
	... 54 more
Caused by: java.lang.RuntimeException: Exception while generating code for:
FUN INLINE_LAMBDA name:invoke$lambda$2$lambda$1$lambda$0 visibility:private modality:FINAL <> ($receiver:android.opengl.GLSurfaceView, this$0:com.raywenderlich.polygonareacoloringwithopengl.MainActivity, $context:android.content.Context) returnType:kotlin.Unit
  $receiver: VALUE_PARAMETER name:$this$apply type:android.opengl.GLSurfaceView
  VALUE_PARAMETER BOUND_VALUE_PARAMETER name:this$0 index:0 type:com.raywenderlich.polygonareacoloringwithopengl.MainActivity
  VALUE_PARAMETER BOUND_VALUE_PARAMETER name:$context index:1 type:android.content.Context
  BLOCK_BODY
    VAR name:$i$a$-apply-MainActivity$onCreate$1$1$1$1 type:kotlin.Int [val]
      CONST Int type=kotlin.Int value=0
    CALL 'public open fun setEGLContextClientVersion (p0: kotlin.Int): kotlin.Unit declared in android.opengl.GLSurfaceView' type=kotlin.Unit origin=null
      $this: GET_VAR '$this$apply: android.opengl.GLSurfaceView declared in com.raywenderlich.polygonareacoloringwithopengl.MainActivity.onCreate.<no name provided>.invoke$lambda$2$lambda$1$lambda$0' type=android.opengl.GLSurfaceView origin=null
      p0: CONST Int type=kotlin.Int value=2
    CALL 'public final fun access$setRenderer$p ($this: com.raywenderlich.polygonareacoloringwithopengl.MainActivity, <set-?>: com.raywenderlich.polygonareacoloringwithopengl.PolygonRenderer?): kotlin.Unit declared in com.raywenderlich.polygonareacoloringwithopengl.MainActivity' type=kotlin.Unit origin=null
      $this: GET_VAR 'this$0: com.raywenderlich.polygonareacoloringwithopengl.MainActivity declared in com.raywenderlich.polygonareacoloringwithopengl.MainActivity.onCreate.<no name provided>.invoke$lambda$2$lambda$1$lambda$0' type=com.raywenderlich.polygonareacoloringwithopengl.MainActivity origin=null
      <set-?>: CONSTRUCTOR_CALL 'public constructor <init> (context: android.content.Context) [primary] declared in com.raywenderlich.polygonareacoloringwithopengl.PolygonRenderer' type=com.raywenderlich.polygonareacoloringwithopengl.PolygonRenderer origin=null
        context: GET_VAR '$context: android.content.Context declared in com.raywenderlich.polygonareacoloringwithopengl.MainActivity.onCreate.<no name provided>.invoke$lambda$2$lambda$1$lambda$0' type=android.content.Context origin=null
    CALL 'public open fun setRenderer (p0: @[FlexibleNullability] android.opengl.GLSurfaceView.Renderer?): kotlin.Unit declared in android.opengl.GLSurfaceView' type=kotlin.Unit origin=null
      $this: GET_VAR '$this$apply: android.opengl.GLSurfaceView declared in com.raywenderlich.polygonareacoloringwithopengl.MainActivity.onCreate.<no name provided>.invoke$lambda$2$lambda$1$lambda$0' type=android.opengl.GLSurfaceView origin=null
      p0: BLOCK type=com.raywenderlich.polygonareacoloringwithopengl.PolygonRenderer origin=FOLDED_ELVIS
        WHEN type=com.raywenderlich.polygonareacoloringwithopengl.PolygonRenderer origin=FOLDED_ELVIS
          BRANCH
            if: COMPOSITE type=kotlin.Boolean origin=null
              VAR IR_TEMPORARY_VARIABLE name:tmp0 type:com.raywenderlich.polygonareacoloringwithopengl.PolygonRenderer? [val]
                CALL 'public final fun access$getRenderer$p ($this: com.raywenderlich.polygonareacoloringwithopengl.MainActivity): com.raywenderlich.polygonareacoloringwithopengl.PolygonRenderer? declared in com.raywenderlich.polygonareacoloringwithopengl.MainActivity' type=com.raywenderlich.polygonareacoloringwithopengl.PolygonRenderer? origin=null
                  $this: GET_VAR 'this$0: com.raywenderlich.polygonareacoloringwithopengl.MainActivity declared in com.raywenderlich.polygonareacoloringwithopengl.MainActivity.onCreate.<no name provided>.invoke$lambda$2$lambda$1$lambda$0' type=com.raywenderlich.polygonareacoloringwithopengl.MainActivity origin=null
              CALL 'public final fun not (): kotlin.Boolean [operator] declared in kotlin.Boolean' type=kotlin.Boolean origin=null
                $this: CALL 'public final fun EQEQ (arg0: kotlin.Any?, arg1: kotlin.Any?): kotlin.Boolean declared in kotlin.internal.ir' type=kotlin.Boolean origin=null
                  arg0: GET_VAR 'val tmp0: com.raywenderlich.polygonareacoloringwithopengl.PolygonRenderer? [val] declared in com.raywenderlich.polygonareacoloringwithopengl.MainActivity.onCreate.<no name provided>.invoke$lambda$2$lambda$1$lambda$0' type=com.raywenderlich.polygonareacoloringwithopengl.PolygonRenderer? origin=null
                  arg1: CONST Null type=kotlin.Nothing? value=null
            then: GET_VAR 'val tmp0: com.raywenderlich.polygonareacoloringwithopengl.PolygonRenderer? [val] declared in com.raywenderlich.polygonareacoloringwithopengl.MainActivity.onCreate.<no name provided>.invoke$lambda$2$lambda$1$lambda$0' type=com.raywenderlich.polygonareacoloringwithopengl.PolygonRenderer? origin=null
          BRANCH
            if: CONST Boolean type=kotlin.Boolean value=true
            then: BLOCK type=kotlin.Unit origin=null
              CALL 'public final fun throwUninitializedPropertyAccessException (propertyName: kotlin.String): kotlin.Unit declared in kotlin.jvm.internal.Intrinsics' type=kotlin.Unit origin=null
                propertyName: CONST String type=kotlin.String value="renderer"
    SET_FIELD 'FIELD IR_EXTERNAL_JAVA_DECLARATION_STUB name:repeatMode type:kotlin.Int visibility:public [final,static] declared in android.R.attr' type=kotlin.Unit superQualifierSymbol=android.R.attr origin=EQ
      value: CONST Int type=kotlin.Int value=1

	at org.jetbrains.kotlin.backend.jvm.codegen.FunctionCodegen.generate(FunctionCodegen.kt:47)
	at org.jetbrains.kotlin.backend.jvm.codegen.IrSourceCompilerForInline.generateLambdaBody(IrSourceCompilerForInline.kt:67)
	at org.jetbrains.kotlin.codegen.inline.ExpressionLambda.generateLambdaBody(LambdaInfo.kt:72)
	at org.jetbrains.kotlin.backend.jvm.codegen.IrInlineCodegen.genValueAndPut(IrInlineCodegen.kt:100)
	at org.jetbrains.kotlin.backend.jvm.codegen.ExpressionCodegen.visitCall$handleParameter(ExpressionCodegen.kt:616)
	at org.jetbrains.kotlin.backend.jvm.codegen.ExpressionCodegen.visitCall(ExpressionCodegen.kt:644)
	at org.jetbrains.kotlin.backend.jvm.codegen.ExpressionCodegen.visitCall(ExpressionCodegen.kt:138)
	at org.jetbrains.kotlin.ir.expressions.IrCall.accept(IrCall.kt:24)
	at org.jetbrains.kotlin.backend.jvm.codegen.ExpressionCodegen.visitReturn(ExpressionCodegen.kt:1051)
	at org.jetbrains.kotlin.backend.jvm.codegen.ExpressionCodegen.visitReturn(ExpressionCodegen.kt:138)
	at org.jetbrains.kotlin.ir.expressions.IrReturn.accept(IrReturn.kt:24)
	at org.jetbrains.kotlin.backend.jvm.codegen.ExpressionCodegen.visitStatementContainer(ExpressionCodegen.kt:579)
	at org.jetbrains.kotlin.backend.jvm.codegen.ExpressionCodegen.visitBlockBody(ExpressionCodegen.kt:584)
	at org.jetbrains.kotlin.backend.jvm.codegen.ExpressionCodegen.visitBlockBody(ExpressionCodegen.kt:138)
	at org.jetbrains.kotlin.ir.expressions.IrBlockBody.accept(IrBlockBody.kt:20)
	at org.jetbrains.kotlin.backend.jvm.codegen.ExpressionCodegen.generate(ExpressionCodegen.kt:240)
	at org.jetbrains.kotlin.backend.jvm.codegen.FunctionCodegen.doGenerate(FunctionCodegen.kt:123)
	at org.jetbrains.kotlin.backend.jvm.codegen.FunctionCodegen.generate(FunctionCodegen.kt:44)
	... 87 more
Caused by: java.lang.AssertionError: access of const val: SET_FIELD 'FIELD IR_EXTERNAL_JAVA_DECLARATION_STUB name:repeatMode type:kotlin.Int visibility:public [final,static] declared in android.R.attr' type=kotlin.Unit superQualifierSymbol=android.R.attr origin=EQ
  value: CONST Int type=kotlin.Int value=1

	at org.jetbrains.kotlin.backend.jvm.codegen.ExpressionCodegen.visitFieldAccess(ExpressionCodegen.kt:861)
	at org.jetbrains.kotlin.backend.jvm.codegen.ExpressionCodegen.visitFieldAccess(ExpressionCodegen.kt:138)
	at org.jetbrains.kotlin.ir.visitors.IrElementVisitor$DefaultImpls.visitSetField(IrElementVisitor.kt:206)
	at org.jetbrains.kotlin.backend.jvm.codegen.ExpressionCodegen.visitSetField(ExpressionCodegen.kt:908)
	at org.jetbrains.kotlin.backend.jvm.codegen.ExpressionCodegen.visitSetField(ExpressionCodegen.kt:138)
	at org.jetbrains.kotlin.ir.expressions.IrSetField.accept(IrSetField.kt:21)
	at org.jetbrains.kotlin.backend.jvm.codegen.ExpressionCodegen.visitStatementContainer(ExpressionCodegen.kt:579)
	at org.jetbrains.kotlin.backend.jvm.codegen.ExpressionCodegen.visitBlockBody(ExpressionCodegen.kt:584)
	at org.jetbrains.kotlin.backend.jvm.codegen.ExpressionCodegen.visitBlockBody(ExpressionCodegen.kt:138)
	at org.jetbrains.kotlin.ir.expressions.IrBlockBody.accept(IrBlockBody.kt:20)
	at org.jetbrains.kotlin.backend.jvm.codegen.ExpressionCodegen.generate(ExpressionCodegen.kt:240)
	at org.jetbrains.kotlin.backend.jvm.codegen.FunctionCodegen.doGenerate(FunctionCodegen.kt:123)
	at org.jetbrains.kotlin.backend.jvm.codegen.FunctionCodegen.generate(FunctionCodegen.kt:44)
	... 104 more


